<?xml version="1.0" encoding="UTF-8"?>
<testsuite xmlns:xsi="http://www.w3.org/2001/XMLSchema-instance" xsi:noNamespaceSchemaLocation="https://maven.apache.org/surefire/maven-surefire-plugin/xsd/surefire-test-report.xsd" version="3.0.2" name="de.ait.javalessons.consultation.WeatherAppTest" time="0.065" tests="4" errors="0" skipped="0" failures="0">
  <properties>
[...]
</properties>
  <testcase name="testFindByTemperatureMoreTempNotSuccess" classname="de.ait.javalessons.consultation.WeatherAppTest" time="0.025"/>
  <testcase name="testFilterByTemperatureTwoWasFound" classname="de.ait.javalessons.consultation.WeatherAppTest" time="0.006"/>
  <testcase name="testFindByTemperatureMoreTempSuccess" classname="de.ait.javalessons.consultation.WeatherAppTest" time="0.001"/>
  <testcase name="testFilterByTemperatureWasNotFound" classname="de.ait.javalessons.consultation.WeatherAppTest" time="0.002"/>
</testsuite>